
[bueno.comics: inside loop (2013-03-26-00:16:31)]
[bueno.comics: inside loop (2013-03-26-00:16:32)]
[bueno.comics: inside loop p (2013-03-26-00:17:30)]
[bueno.comics: inside loop poop (2013-03-26-00:17:31)]
[bueno.comics: inside loop this (2013-03-26-00:18:52)]
[bueno.comics: inside loop next (2013-03-26-00:18:55)]
[bueno.comics: inside loop this (2013-03-26-00:18:56)]
[bueno.comics: inside loop next (2013-03-26-00:18:59)]
[bueno.comics: inside loop this (2013-03-26-00:19:00)]
[bueno.comics: inside loop this (2013-03-26-00:22:25)]
[bueno.comics: inside loop this (2013-03-26-00:22:42)]
[bueno.comics: inside loop next (2013-03-26-00:22:46)]
[bueno.comics: inside loop this (2013-03-26-00:26:38)]
[bueno.comics: inside loop this (2013-03-26-00:27:54)]
[bueno.comics: inside loop this (2013-03-26-00:31:58)]
[bueno.comics: inside loop this (2013-03-26-00:32:14)]
[bueno.comics: Unexpected Error: <type 'exceptions.IOError'> (2013-03-26-00:35:08)]
[bueno.comics: Unexpected Error: [Errno 2] No such file or directory: 'pickledData' (2013-03-26-00:35:08)]
[bueno.comics: Unexpected Error: <traceback object at 0x103b178c0> (2013-03-26-00:35:08)]
[bueno.comics: Unexpected Error: <type 'exceptions.IOError'> (2013-03-26-00:35:09)]
[bueno.comics: Unexpected Error: [Errno 2] No such file or directory: 'pickledData' (2013-03-26-00:35:09)]
[bueno.comics: Unexpected Error: <traceback object at 0x110e2da70> (2013-03-26-00:35:09)]
[bueno.comics: inside loop this (2013-03-26-00:40:19)]
[bueno.comics: inside loop this (2013-03-26-00:44:35)]
[bueno.comics: inside loop this (2013-03-26-00:45:09)]
[bueno.comics: inside loop this (2013-03-26-00:45:38)]
[bueno.comics: inside loop this (2013-03-26-00:45:52)]
[bueno.comics: inside loop this (2013-03-26-00:46:03)]
[bueno.comics: inside loop this (2013-03-26-00:46:52)]
[bueno.comics: inside loop this (2013-03-26-00:47:12)]
[bueno.comics: inside loop this (2013-03-26-00:47:32)]
[bueno.comics: inside loop this (2013-03-26-00:48:52)]
[bueno.comics: inside loop this (2013-03-26-00:49:36)]
[bueno.comics: inside loop this (2013-03-26-00:52:46)]
[bueno.comics: inside loop this (2013-03-26-00:52:53)]
[bueno.comics: inside loop this (2013-03-26-00:53:10)]
[bueno.comics: inside loop this (2013-03-26-00:54:59)]
[bueno.comics: inside loop this (2013-03-26-00:55:04)]
[bueno.comics: inside loop this (2013-03-26-00:55:11)]
[bueno.comics: inside loop this (2013-03-26-00:56:39)]
[bueno.comics: inside loop this (2013-03-26-00:58:22)]
[bueno.comics: inside loop this (2013-03-26-00:58:34)]
[bueno.comics: inside loop this (2013-03-27-20:12:11)]
[bueno.comics: Successfully removed requests cache (2013-03-27-20:12:11)]
[bueno.comics: inside loop this (2013-03-27-20:16:07)]
[bueno.comics: inside loop this (2013-03-27-20:17:51)]
[bueno.comics: inside loop this (2013-03-27-20:18:04)]
[bueno.comics: inside loop this (2013-03-27-20:18:13)]
